<?xml version="1.0" encoding="UTF-8"?>
<!-- Generated by org.testng.reporters.JUnitReportReporter -->
<testsuite hostname="LAPTOP-Q9NI5B1S" failures="0" tests="1" name="lessonEight.ParameterizedTest" time="6.262" errors="0" timestamp="2022-12-01T12:13:31 EST" skipped="0">
  <testcase classname="lessonEight.ParameterizedTest" name="testAlert" time="6.262"/>
  <system-out/>
</testsuite> <!-- lessonEight.ParameterizedTest -->
