<?xml version="1.0" encoding="UTF-8"?>
<!-- Generated by org.testng.reporters.JUnitReportReporter -->
<testsuite hostname="LAPTOP-Q9NI5B1S" failures="0" tests="1" name="lessonEight.ChromeOptionDownload2" time="5.633" errors="0" timestamp="2022-12-01T20:27:05 EST" skipped="0">
  <testcase classname="lessonEight.ChromeOptionDownload2" name="DownloadFile" time="5.633"/>
  <system-out/>
</testsuite> <!-- lessonEight.ChromeOptionDownload2 -->
