<?xml version="1.0" encoding="UTF-8"?>
<!-- Generated by org.testng.reporters.JUnitReportReporter -->
<testsuite hostname="LAPTOP-Q9NI5B1S" failures="0" tests="1" name="lessonSeven.SelectDropdown" time="7.385" errors="0" timestamp="2022-11-28T20:44:51 EST" skipped="0">
  <testcase classname="lessonSeven.SelectDropdown" name="dropdown" time="7.385"/>
  <system-out/>
</testsuite> <!-- lessonSeven.SelectDropdown -->
