<?xml version="1.0" encoding="UTF-8"?>
<!-- Generated by org.testng.reporters.JUnitReportReporter -->
<testsuite hostname="LAPTOP-Q9NI5B1S" failures="0" tests="1" name="lessonEight.ChromeOptionDownload" time="11.352" errors="0" timestamp="2022-12-01T20:18:18 EST" skipped="0">
  <testcase classname="lessonEight.ChromeOptionDownload" name="DownloadFile" time="11.352"/>
  <system-out/>
</testsuite> <!-- lessonEight.ChromeOptionDownload -->
