<?xml version="1.0" encoding="UTF-8"?>
<!-- Generated by org.testng.reporters.JUnitReportReporter -->
<testsuite hostname="LAPTOP-Q9NI5B1S" failures="0" tests="1" name="lessonEight.ChromeOptionsExample" time="10.339" errors="0" timestamp="2022-12-01T15:28:14 EST" skipped="0">
  <testcase classname="lessonEight.ChromeOptionsExample" name="optionsExample" time="10.339"/>
  <system-out/>
</testsuite> <!-- lessonEight.ChromeOptionsExample -->
