<?xml version="1.0" encoding="UTF-8"?>
<!-- Generated by org.testng.reporters.JUnitReportReporter -->
<testsuite hostname="LAPTOP-Q9NI5B1S" failures="0" tests="1" name="lessonEight.HoverEample" time="21.605" errors="0" timestamp="2022-12-01T14:35:18 EST" skipped="0">
  <testcase classname="lessonEight.HoverEample" name="testHover" time="21.605"/>
  <system-out/>
</testsuite> <!-- lessonEight.HoverEample -->
